<?xml version="1.0" encoding="UTF-8"?>
<!-- Generated by org.testng.reporters.JUnitReportReporter -->
<testsuite hostname="LNL-5CG2352LBN" failures="0" tests="1" name="com.sauce.qa.testcases.LoginPageTest" time="4.082" errors="0" timestamp="2024-07-03T10:43:48 CEST" skipped="0">
  <testcase classname="com.sauce.qa.testcases.LoginPageTest" name="loginTest" time="4.082"/>
  <system-out/>
</testsuite> <!-- com.sauce.qa.testcases.LoginPageTest -->
