<?xml version="1.0" encoding="UTF-8"?>
<!-- Generated by org.testng.reporters.JUnitReportReporter -->
<testsuite hostname="LNL-5CG2352LBN" failures="0" tests="1" name="com.sauce.qa.testcases.AddToCartTest" time="2.831" errors="0" timestamp="2024-07-03T10:43:48 CEST" skipped="0">
  <testcase classname="com.sauce.qa.testcases.AddToCartTest" name="AddToCartTest" time="2.831"/>
  <system-out/>
</testsuite> <!-- com.sauce.qa.testcases.AddToCartTest -->
